2025-04-07 12:39:29,492 - INFO - Fetched 2306 records from DB.
2025-04-07 12:39:29,778 - ERROR - Error updating weather data: time data '0' does not match format '%Y-%m-%d'
Traceback (most recent call last):
  File "c:\Users\hansc\OneDrive\Documents\RRC\Term 4\ADEV 3005 -Programming in phython\Final project\Milestone 2\weather_processor.py", line 88, in update_weather_data
    if start <= datetime.strptime(row[1], "%Y-%m-%d").date() <= end
                ~~~~~~~~~~~~~~~~~^^^^^^^^^^^^^^^^^^^^
  File "C:\Users\hansc\AppData\Local\Programs\Python\Python313\Lib\_strptime.py", line 676, in _strptime_datetime
    tt, fraction, gmtoff_fraction = _strptime(data_string, format)
                                    ~~~~~~~~~^^^^^^^^^^^^^^^^^^^^^
  File "C:\Users\hansc\AppData\Local\Programs\Python\Python313\Lib\_strptime.py", line 455, in _strptime
    raise ValueError("time data %r does not match format %r" %
                     (data_string, format))
ValueError: time data '0' does not match format '%Y-%m-%d'
2025-04-08 10:53:40,026 - INFO - Fetched 1908 records from DB.
2025-04-08 10:53:40,306 - ERROR - Error updating weather data: time data '0' does not match format '%Y-%m-%d'
Traceback (most recent call last):
  File "c:\Users\hansc\OneDrive\Documents\RRC\Term 4\ADEV 3005 -Programming in phython\Final project\Milestone 2\weather_processor.py", line 88, in update_weather_data
    if start <= datetime.strptime(row[1], "%Y-%m-%d").date() <= end
                ~~~~~~~~~~~~~~~~~^^^^^^^^^^^^^^^^^^^^
  File "C:\Users\hansc\AppData\Local\Programs\Python\Python313\Lib\_strptime.py", line 676, in _strptime_datetime
    tt, fraction, gmtoff_fraction = _strptime(data_string, format)
                                    ~~~~~~~~~^^^^^^^^^^^^^^^^^^^^^
  File "C:\Users\hansc\AppData\Local\Programs\Python\Python313\Lib\_strptime.py", line 455, in _strptime
    raise ValueError("time data %r does not match format %r" %
                     (data_string, format))
ValueError: time data '0' does not match format '%Y-%m-%d'
2025-04-08 10:54:35,581 - INFO - Fetched 1908 records from DB.
2025-04-08 10:54:35,850 - ERROR - Error updating weather data: time data '0' does not match format '%Y-%m-%d'
Traceback (most recent call last):
  File "c:\Users\hansc\OneDrive\Documents\RRC\Term 4\ADEV 3005 -Programming in phython\Final project\Milestone 2\weather_processor.py", line 88, in update_weather_data
    if start <= datetime.strptime(row[1], "%Y-%m-%d").date() <= end
                ~~~~~~~~~~~~~~~~~^^^^^^^^^^^^^^^^^^^^
  File "C:\Users\hansc\AppData\Local\Programs\Python\Python313\Lib\_strptime.py", line 676, in _strptime_datetime
    tt, fraction, gmtoff_fraction = _strptime(data_string, format)
                                    ~~~~~~~~~^^^^^^^^^^^^^^^^^^^^^
  File "C:\Users\hansc\AppData\Local\Programs\Python\Python313\Lib\_strptime.py", line 455, in _strptime
    raise ValueError("time data %r does not match format %r" %
                     (data_string, format))
ValueError: time data '0' does not match format '%Y-%m-%d'
2025-04-08 12:54:57,015 - INFO - Fetched 2306 records from DB.
2025-04-08 12:54:57,265 - ERROR - Error updating weather data: time data '0' does not match format '%Y-%m-%d'
Traceback (most recent call last):
  File "c:\Users\hansc\OneDrive\Documents\RRC\Term 4\ADEV 3005 -Programming in phython\Final project\Milestone 2\weather_processor.py", line 99, in update_weather_data
    if start <= datetime.strptime(row[1], "%Y-%m-%d").date() <= end
                ~~~~~~~~~~~~~~~~~^^^^^^^^^^^^^^^^^^^^
  File "C:\Users\hansc\AppData\Local\Programs\Python\Python313\Lib\_strptime.py", line 676, in _strptime_datetime
    tt, fraction, gmtoff_fraction = _strptime(data_string, format)
                                    ~~~~~~~~~^^^^^^^^^^^^^^^^^^^^^
  File "C:\Users\hansc\AppData\Local\Programs\Python\Python313\Lib\_strptime.py", line 455, in _strptime
    raise ValueError("time data %r does not match format %r" %
                     (data_string, format))
ValueError: time data '0' does not match format '%Y-%m-%d'
2025-04-08 12:55:02,922 - INFO - Fetched 2306 records from DB.
2025-04-08 12:55:03,152 - ERROR - Error updating weather data: time data '0' does not match format '%Y-%m-%d'
Traceback (most recent call last):
  File "c:\Users\hansc\OneDrive\Documents\RRC\Term 4\ADEV 3005 -Programming in phython\Final project\Milestone 2\weather_processor.py", line 99, in update_weather_data
    if start <= datetime.strptime(row[1], "%Y-%m-%d").date() <= end
                ~~~~~~~~~~~~~~~~~^^^^^^^^^^^^^^^^^^^^
  File "C:\Users\hansc\AppData\Local\Programs\Python\Python313\Lib\_strptime.py", line 676, in _strptime_datetime
    tt, fraction, gmtoff_fraction = _strptime(data_string, format)
                                    ~~~~~~~~~^^^^^^^^^^^^^^^^^^^^^
  File "C:\Users\hansc\AppData\Local\Programs\Python\Python313\Lib\_strptime.py", line 455, in _strptime
    raise ValueError("time data %r does not match format %r" %
                     (data_string, format))
ValueError: time data '0' does not match format '%Y-%m-%d'
2025-04-08 12:56:10,523 - INFO - Fetched 2306 records from DB.
2025-04-08 12:56:10,777 - ERROR - Error updating weather data: time data '0' does not match format '%Y-%m-%d'
Traceback (most recent call last):
  File "c:\Users\hansc\OneDrive\Documents\RRC\Term 4\ADEV 3005 -Programming in phython\Final project\Milestone 2\weather_processor.py", line 99, in update_weather_data
    if start <= datetime.strptime(row[1], "%Y-%m-%d").date() <= end
                ~~~~~~~~~~~~~~~~~^^^^^^^^^^^^^^^^^^^^
  File "C:\Users\hansc\AppData\Local\Programs\Python\Python313\Lib\_strptime.py", line 676, in _strptime_datetime
    tt, fraction, gmtoff_fraction = _strptime(data_string, format)
                                    ~~~~~~~~~^^^^^^^^^^^^^^^^^^^^^
  File "C:\Users\hansc\AppData\Local\Programs\Python\Python313\Lib\_strptime.py", line 455, in _strptime
    raise ValueError("time data %r does not match format %r" %
                     (data_string, format))
ValueError: time data '0' does not match format '%Y-%m-%d'
2025-04-08 13:00:58,889 - INFO - Fetched 10089 records from DB.
2025-04-08 13:00:59,128 - ERROR - Error updating weather data: time data '0' does not match format '%Y-%m-%d'
Traceback (most recent call last):
  File "c:\Users\hansc\OneDrive\Documents\RRC\Term 4\ADEV 3005 -Programming in phython\Final project\Milestone 2\weather_processor.py", line 99, in update_weather_data
    if start <= datetime.strptime(row[1], "%Y-%m-%d").date() <= end
                ~~~~~~~~~~~~~~~~~^^^^^^^^^^^^^^^^^^^^
  File "C:\Users\hansc\AppData\Local\Programs\Python\Python313\Lib\_strptime.py", line 676, in _strptime_datetime
    tt, fraction, gmtoff_fraction = _strptime(data_string, format)
                                    ~~~~~~~~~^^^^^^^^^^^^^^^^^^^^^
  File "C:\Users\hansc\AppData\Local\Programs\Python\Python313\Lib\_strptime.py", line 455, in _strptime
    raise ValueError("time data %r does not match format %r" %
                     (data_string, format))
ValueError: time data '0' does not match format '%Y-%m-%d'
2025-04-08 13:29:27,932 - INFO - Fetched 10089 records from DB.
2025-04-08 13:29:28,219 - ERROR - Error updating weather data: time data '0' does not match format '%Y-%m-%d'
Traceback (most recent call last):
  File "c:\Users\hansc\OneDrive\Documents\RRC\Term 4\ADEV 3005 -Programming in phython\Final project\Milestone 2\weather_processor.py", line 99, in update_weather_data
    if start <= datetime.strptime(row[1], "%Y-%m-%d").date() <= end
                ~~~~~~~~~~~~~~~~~^^^^^^^^^^^^^^^^^^^^
  File "C:\Users\hansc\AppData\Local\Programs\Python\Python313\Lib\_strptime.py", line 676, in _strptime_datetime
    tt, fraction, gmtoff_fraction = _strptime(data_string, format)
                                    ~~~~~~~~~^^^^^^^^^^^^^^^^^^^^^
  File "C:\Users\hansc\AppData\Local\Programs\Python\Python313\Lib\_strptime.py", line 455, in _strptime
    raise ValueError("time data %r does not match format %r" %
                     (data_string, format))
ValueError: time data '0' does not match format '%Y-%m-%d'
2025-04-08 13:30:23,941 - INFO - Fetched 10089 records from DB.
2025-04-08 13:30:24,176 - ERROR - Error updating weather data: time data '0' does not match format '%Y-%m-%d'
Traceback (most recent call last):
  File "c:\Users\hansc\OneDrive\Documents\RRC\Term 4\ADEV 3005 -Programming in phython\Final project\Milestone 2\weather_processor.py", line 99, in update_weather_data
    if start <= datetime.strptime(row[1], "%Y-%m-%d").date() <= end
                ~~~~~~~~~~~~~~~~~^^^^^^^^^^^^^^^^^^^^
  File "C:\Users\hansc\AppData\Local\Programs\Python\Python313\Lib\_strptime.py", line 676, in _strptime_datetime
    tt, fraction, gmtoff_fraction = _strptime(data_string, format)
                                    ~~~~~~~~~^^^^^^^^^^^^^^^^^^^^^
  File "C:\Users\hansc\AppData\Local\Programs\Python\Python313\Lib\_strptime.py", line 455, in _strptime
    raise ValueError("time data %r does not match format %r" %
                     (data_string, format))
ValueError: time data '0' does not match format '%Y-%m-%d'
2025-04-08 13:30:42,793 - INFO - Fetched 10089 records from DB.
2025-04-08 13:30:42,994 - ERROR - Error updating weather data: time data '0' does not match format '%Y-%m-%d'
Traceback (most recent call last):
  File "c:\Users\hansc\OneDrive\Documents\RRC\Term 4\ADEV 3005 -Programming in phython\Final project\Milestone 2\weather_processor.py", line 99, in update_weather_data
    if start <= datetime.strptime(row[1], "%Y-%m-%d").date() <= end
                ~~~~~~~~~~~~~~~~~^^^^^^^^^^^^^^^^^^^^
  File "C:\Users\hansc\AppData\Local\Programs\Python\Python313\Lib\_strptime.py", line 676, in _strptime_datetime
    tt, fraction, gmtoff_fraction = _strptime(data_string, format)
                                    ~~~~~~~~~^^^^^^^^^^^^^^^^^^^^^
  File "C:\Users\hansc\AppData\Local\Programs\Python\Python313\Lib\_strptime.py", line 455, in _strptime
    raise ValueError("time data %r does not match format %r" %
                     (data_string, format))
ValueError: time data '0' does not match format '%Y-%m-%d'
2025-04-08 13:32:19,122 - INFO - Fetched 10089 records from DB.
2025-04-08 13:32:19,358 - ERROR - Error updating weather data: time data '0' does not match format '%Y-%m-%d'
Traceback (most recent call last):
  File "c:\Users\hansc\OneDrive\Documents\RRC\Term 4\ADEV 3005 -Programming in phython\Final project\Milestone 2\weather_processor.py", line 99, in update_weather_data
    if start <= datetime.strptime(row[1], "%Y-%m-%d").date() <= end
                ~~~~~~~~~~~~~~~~~^^^^^^^^^^^^^^^^^^^^
  File "C:\Users\hansc\AppData\Local\Programs\Python\Python313\Lib\_strptime.py", line 676, in _strptime_datetime
    tt, fraction, gmtoff_fraction = _strptime(data_string, format)
                                    ~~~~~~~~~^^^^^^^^^^^^^^^^^^^^^
  File "C:\Users\hansc\AppData\Local\Programs\Python\Python313\Lib\_strptime.py", line 455, in _strptime
    raise ValueError("time data %r does not match format %r" %
                     (data_string, format))
ValueError: time data '0' does not match format '%Y-%m-%d'
2025-04-08 13:32:28,411 - INFO - Fetched 10089 records from DB.
2025-04-08 13:32:28,626 - ERROR - Error updating weather data: time data '0' does not match format '%Y-%m-%d'
Traceback (most recent call last):
  File "c:\Users\hansc\OneDrive\Documents\RRC\Term 4\ADEV 3005 -Programming in phython\Final project\Milestone 2\weather_processor.py", line 99, in update_weather_data
    if start <= datetime.strptime(row[1], "%Y-%m-%d").date() <= end
                ~~~~~~~~~~~~~~~~~^^^^^^^^^^^^^^^^^^^^
  File "C:\Users\hansc\AppData\Local\Programs\Python\Python313\Lib\_strptime.py", line 676, in _strptime_datetime
    tt, fraction, gmtoff_fraction = _strptime(data_string, format)
                                    ~~~~~~~~~^^^^^^^^^^^^^^^^^^^^^
  File "C:\Users\hansc\AppData\Local\Programs\Python\Python313\Lib\_strptime.py", line 455, in _strptime
    raise ValueError("time data %r does not match format %r" %
                     (data_string, format))
ValueError: time data '0' does not match format '%Y-%m-%d'
